{"/Users/meganvyenielo/rithm/exercises/node-markov/markov.js": {"path":"/Users/meganvyenielo/rithm/exercises/node-markov/markov.js","statementMap":{"0":{"start":{"line":12,"column":4},"end":{"line":12,"column":40}},"1":{"start":{"line":13,"column":4},"end":{"line":13,"column":35}},"2":{"start":{"line":22,"column":6},"end":{"line":22,"column":48}},"3":{"start":{"line":40,"column":17},"end":{"line":40,"column":19}},"4":{"start":{"line":42,"column":4},"end":{"line":55,"column":5}},"5":{"start":{"line":42,"column":17},"end":{"line":42,"column":18}},"6":{"start":{"line":43,"column":21},"end":{"line":43,"column":34}},"7":{"start":{"line":44,"column":21},"end":{"line":44,"column":46}},"8":{"start":{"line":46,"column":6},"end":{"line":54,"column":7}},"9":{"start":{"line":48,"column":10},"end":{"line":48,"column":42}},"10":{"start":{"line":52,"column":8},"end":{"line":52,"column":38}},"11":{"start":{"line":57,"column":4},"end":{"line":57,"column":18}},"12":{"start":{"line":66,"column":21},"end":{"line":66,"column":23}},"13":{"start":{"line":67,"column":26},"end":{"line":67,"column":50}},"14":{"start":{"line":69,"column":19},"end":{"line":69,"column":35}},"15":{"start":{"line":70,"column":4},"end":{"line":70,"column":28}},"16":{"start":{"line":72,"column":4},"end":{"line":78,"column":5}},"17":{"start":{"line":74,"column":16},"end":{"line":74,"column":69}},"18":{"start":{"line":76,"column":6},"end":{"line":76,"column":44}},"19":{"start":{"line":77,"column":6},"end":{"line":77,"column":30}},"20":{"start":{"line":80,"column":4},"end":{"line":80,"column":30}},"21":{"start":{"line":85,"column":0},"end":{"line":87,"column":2}}},"fnMap":{"0":{"name":"(anonymous_0)","decl":{"start":{"line":9,"column":2},"end":{"line":9,"column":3}},"loc":{"start":{"line":9,"column":20},"end":{"line":14,"column":3}},"line":9},"1":{"name":"(anonymous_1)","decl":{"start":{"line":20,"column":4},"end":{"line":20,"column":5}},"loc":{"start":{"line":20,"column":29},"end":{"line":23,"column":5}},"line":20},"2":{"name":"(anonymous_2)","decl":{"start":{"line":39,"column":2},"end":{"line":39,"column":3}},"loc":{"start":{"line":39,"column":14},"end":{"line":58,"column":3}},"line":39},"3":{"name":"(anonymous_3)","decl":{"start":{"line":64,"column":2},"end":{"line":64,"column":3}},"loc":{"start":{"line":64,"column":12},"end":{"line":81,"column":3}},"line":64}},"branchMap":{"0":{"loc":{"start":{"line":44,"column":21},"end":{"line":44,"column":46}},"type":"binary-expr","locations":[{"start":{"line":44,"column":21},"end":{"line":44,"column":38}},{"start":{"line":44,"column":42},"end":{"line":44,"column":46}}],"line":44},"1":{"loc":{"start":{"line":46,"column":6},"end":{"line":54,"column":7}},"type":"if","locations":[{"start":{"line":46,"column":6},"end":{"line":54,"column":7}},{"start":{"line":50,"column":13},"end":{"line":54,"column":7}}],"line":46}},"s":{"0":1,"1":1,"2":6,"3":4,"4":4,"5":4,"6":20,"7":20,"8":20,"9":0,"10":20,"11":4,"12":1,"13":1,"14":1,"15":1,"16":1,"17":5,"18":5,"19":5,"20":1,"21":1},"f":{"0":1,"1":6,"2":4,"3":1},"b":{"0":[20,4],"1":[0,20]},"_coverageSchema":"1a1c01bbd47fc00a2c39e90264f33305004495a9","hash":"b74066e6c62a43179951a0a4ddb378467d69a6a5"}
}
